2021-11-03 22:11:27.315180, - Запрос от пользователя aeroua "help" Записан в БД 
2021-11-03 22:11:59.762859, - Запрос от пользователя aeroua "help" Записан в БД 
2021-11-03 22:13:49.452651, - Запрос от пользователя aeroua "help" Записан в БД 
2021-11-03 22:23:06.378884, - Запрос от пользователя aeroua "help" Записан в БД 
2021-11-03 22:23:49.297141, - Запрос от пользователя aeroua "help" Записан в БД 
2021-11-03 22:24:10.377298, - Запрос от пользователя aeroua "free" Записан в БД 
2021-11-03 22:24:32.600847, - Запрос от пользователя aeroua "help" Записан в БД 
2021-11-03 22:24:50.801578, - Запрос от пользователя aeroua "help" Записан в БД 
2021-11-03 22:26:32.296722, - Запрос от пользователя aeroua "help" Записан в БД 
2021-11-03 22:26:58.439199, - Запрос от пользователя aeroua "help" Записан в БД 
2021-11-03 22:27:07.881814, - Запрос от пользователя aeroua "help" Записан в БД 
2021-11-03 22:31:14.528751, - Запрос от пользователя aeroua "help" Записан в БД 
2021-11-03 22:32:05.207211, - Запрос от пользователя aeroua "help" Записан в БД 
2021-11-03 22:33:51.146897, - Запрос от пользователя aeroua "new" Записан в БД 
2021-11-03 22:34:28.447498, - Запрос от пользователя aeroua "text" Записан в БД 
2021-11-03 22:35:06.759547, - Запрос от пользователя aeroua "help" Записан в БД 
2021-11-03 22:36:18.138444, - Запрос от пользователя aeroua "help" Записан в БД 
2021-11-03 22:40:49.158679, - Запрос от пользователя aeroua "help" Записан в БД 
2021-11-03 22:41:50.935146, - Запрос от пользователя aeroua "help" Записан в БД 
2021-11-03 22:42:35.149404, - Запрос от пользователя aeroua "help" Записан в БД 
2021-11-03 22:43:37.959228, - Запрос от пользователя aeroua "help" Записан в БД 
2021-11-03 22:43:50.595532, - Запрос от пользователя aeroua "help" Записан в БД 
2021-11-03 22:45:00.799432, - Запрос от пользователя aeroua "help" Записан в БД 
2021-11-03 22:48:14.565077, - Запрос от пользователя aeroua "Академия шаг" Записан в БД 
2021-11-03 22:49:24.409163, - Запрос от пользователя aeroua "help" Записан в БД 
2021-11-03 22:49:35.293143, - Запрос от пользователя aeroua "Академія" Записан в БД 
2021-11-03 22:49:43.141314, - Запрос от пользователя aeroua "Академія Шаг" Записан в БД 
2021-11-03 22:50:12.824913, - Запрос от пользователя aeroua "Академія Шаг" Записан в БД 
